<?xml version="1.0" encoding="UTF-8"?>
<!-- Generated by org.testng.reporters.JUnitXMLReporter -->
<testsuite ignored="9" hostname="LAPTOP-K8PVREI3" failures="0" tests="4" name="Test1" time="41.443" errors="0" timestamp="2023-01-10T17:15:57 IST">
  <testcase classname="allModule_SMS_POM.Tc_Activities_13_POM_Test" name="searchAndDeleteAct" time="14.575"/>
  <testcase classname="allModule_SMS_POM.TC_ACT_01_POM_Test" name="createActivity" time="4.882"/>
  <testcase classname="allModule_SMS_POM.TC_ACC_01_POM_Test" name="createAndSearchAdmin" time="5.063"/>
  <testcase classname="allModule_SMS_POM.Tc_Activities_10_POM_Test" name="createAct" time="4.213"/>
  <testcase classname="allModule_SMS_POM.TC_ACC_02_POM_Test" name="createStudent" time="0.0">
    <ignored/>
  </testcase> <!-- createStudent -->
  <testcase classname="com.SM.SocialManagementSystem.GenericUtility.BaseClass" name="@BeforeSuite configBS" time="0.0">
    <ignored/>
  </testcase> <!-- @BeforeSuite configBS -->
  <testcase classname="com.SM.SocialManagementSystem.GenericUtility.BaseClass" name="@BeforeSuite configBS" time="0.0">
    <ignored/>
  </testcase> <!-- @BeforeSuite configBS -->
  <testcase classname="com.SM.SocialManagementSystem.GenericUtility.BaseClass" name="@BeforeSuite configBS" time="0.0">
    <ignored/>
  </testcase> <!-- @BeforeSuite configBS -->
  <testcase classname="com.SM.SocialManagementSystem.GenericUtility.BaseClass" name="@BeforeSuite configBS" time="0.0">
    <ignored/>
  </testcase> <!-- @BeforeSuite configBS -->
  <testcase classname="com.SM.SocialManagementSystem.GenericUtility.BaseClass" name="@AfterSuite configAS" time="0.0">
    <ignored/>
  </testcase> <!-- @AfterSuite configAS -->
  <testcase classname="com.SM.SocialManagementSystem.GenericUtility.BaseClass" name="@AfterSuite configAS" time="0.0">
    <ignored/>
  </testcase> <!-- @AfterSuite configAS -->
  <testcase classname="com.SM.SocialManagementSystem.GenericUtility.BaseClass" name="@AfterSuite configAS" time="0.0">
    <ignored/>
  </testcase> <!-- @AfterSuite configAS -->
  <testcase classname="com.SM.SocialManagementSystem.GenericUtility.BaseClass" name="@AfterSuite configAS" time="0.0">
    <ignored/>
  </testcase> <!-- @AfterSuite configAS -->
</testsuite> <!-- Test1 -->
