<?xml version="1.0" encoding="UTF-8"?>
<!-- Generated by org.testng.reporters.JUnitXMLReporter -->
<testsuite ignored="0" hostname="LAPTOP-K8PVREI3" failures="1" tests="4" name="Test" time="25.024" errors="0" timestamp="2023-01-13T09:53:52 IST">
  <testcase classname="allModule_SMS_POM.TC_ACC_01_POM_Test" name="createAndSearchAdmin" time="5.118">
    <skipped/>
  </testcase> <!-- createAndSearchAdmin -->
  <testcase classname="allModule_SMS_POM.TC_ACC_01_POM_Test" name="createAndSearchAdmin" time="4.328">
    <skipped/>
  </testcase> <!-- createAndSearchAdmin -->
  <testcase classname="allModule_SMS_POM.TC_ACC_01_POM_Test" name="createAndSearchAdmin" time="4.326">
    <skipped/>
  </testcase> <!-- createAndSearchAdmin -->
  <testcase classname="allModule_SMS_POM.TC_ACC_01_POM_Test" name="createAndSearchAdmin" time="4.607">
    <failure type="java.lang.AssertionError" message="null">
      <![CDATA[java.lang.AssertionError: null
at allModule_SMS_POM.TC_ACC_01_POM_Test.createAndSearchAdmin(TC_ACC_01_POM_Test.java:31)
at java.base/java.util.ArrayList.forEach(ArrayList.java:1511)
at java.base/java.util.concurrent.FutureTask.run(FutureTask.java:317)
at java.base/java.util.concurrent.ThreadPoolExecutor.runWorker(ThreadPoolExecutor.java:1144)
at java.base/java.util.concurrent.ThreadPoolExecutor$Worker.run(ThreadPoolExecutor.java:642)
at java.base/java.lang.Thread.run(Thread.java:1589)
... Removed 18 stack frames]]>
    </failure>
  </testcase> <!-- createAndSearchAdmin -->
</testsuite> <!-- Test -->
