<?xml version="1.0" encoding="UTF-8"?>
<testng-results ignored="0" total="1" passed="1" failed="0" skipped="0">
  <reporter-output>
  </reporter-output>
  <suite started-at="2023-01-24T22:30:50 IST" name="Default suite" finished-at="2023-01-24T22:31:21 IST" duration-ms="31599">
    <groups>
    </groups>
    <test started-at="2023-01-24T22:30:50 IST" name="Default test" finished-at="2023-01-24T22:31:21 IST" duration-ms="31599">
      <class name="practice_package.BrokenLinkTest">
        <test-method signature="linkTest()[pri:0, instance:practice_package.BrokenLinkTest@6bedbc4d]" started-at="2023-01-24T22:30:50 IST" name="linkTest" finished-at="2023-01-24T22:31:21 IST" duration-ms="31540" status="PASS">
          <reporter-output>
          </reporter-output>
        </test-method> <!-- linkTest -->
      </class> <!-- practice_package.BrokenLinkTest -->
    </test> <!-- Default test -->
  </suite> <!-- Default suite -->
</testng-results>
